2026-05-07 09:17:06,953 - __main__ - INFO - === Logging system initialized ===
2026-05-07 09:17:06,954 - __main__ - INFO - Log file: logs/app_20260507_091706.log
2026-05-07 09:17:06,954 - __main__ - INFO - Log level: INFO
2026-05-07 09:17:06,954 - __main__ - INFO - Timestamp: 20260507_091706
2026-05-07 09:17:08,041 - __main__ - INFO - Included router: routers.aihub.router
2026-05-07 09:17:08,055 - __main__ - INFO - Included router: routers.auth.router
2026-05-07 09:17:08,110 - __main__ - INFO - Included router: routers.datasets.router
2026-05-07 09:17:08,113 - __main__ - INFO - Included router: routers.health.router
2026-05-07 09:17:08,162 - __main__ - INFO - Included router: routers.settings.router
2026-05-07 09:17:08,278 - __main__ - INFO - Included router: routers.storage.router
2026-05-07 09:17:08,285 - __main__ - INFO - Included router: routers.user.router
2026-05-07 09:17:08,324 - __main__ - INFO - Included router: routers.user_roles.router
2026-05-07 09:17:08,329 - asyncio - DEBUG - Using proactor: IocpProactor
2026-05-07 09:17:08,468 - __main__ - INFO - === Application startup initiated ===
2026-05-07 09:17:08,468 - services.database - DEBUG - [DB_OP] Starting database initialization
2026-05-07 09:17:08,468 - services.database - INFO - 🔧 Starting database initialization...
2026-05-07 09:17:08,468 - core.database - INFO - Starting database initialization...
2026-05-07 09:17:08,469 - backend.core.config - DEBUG - Read dynamic attribute database_url from environment variable DATABASE_URL
2026-05-07 09:17:08,469 - core.database - INFO - Normalizing database URL for async compatibility...
2026-05-07 09:17:08,471 - core.database - DEBUG - Database exists:./test.db
2026-05-07 09:17:08,471 - core.database - INFO - Creating async database engine...
2026-05-07 09:17:08,471 - core.database - INFO - Using QueuePool with connection pooling for non-Lambda environment
2026-05-07 09:17:08,511 - core.database - INFO - Database engine created successfully
2026-05-07 09:17:08,511 - core.database - INFO - Creating async session maker...
2026-05-07 09:17:08,511 - core.database - INFO - Async session maker created successfully
2026-05-07 09:17:08,511 - core.database - INFO - Database connection initialized successfully
2026-05-07 09:17:08,512 - services.database - INFO - 🔧 Database connection initialized, now creating tables if tables not exist...
2026-05-07 09:17:08,512 - core.database - DEBUG - [DB_OP] Starting create_tables
2026-05-07 09:17:08,512 - core.database - INFO - 🔧 Starting table creation...
2026-05-07 09:17:08,513 - aiosqlite - DEBUG - executing <function connect.<locals>.connector at 0x000001AE20E89620>
2026-05-07 09:17:08,515 - aiosqlite - DEBUG - operation <function connect.<locals>.connector at 0x000001AE20E89620> completed
2026-05-07 09:17:08,516 - aiosqlite - DEBUG - executing functools.partial(<built-in method create_function of sqlite3.Connection object at 0x000001AE20E90C70>, 'regexp', 2, <function SQLiteDialect_pysqlite.on_connect.<locals>.regexp at 0x000001AE20E88860>, deterministic=True)
2026-05-07 09:17:08,516 - aiosqlite - DEBUG - operation functools.partial(<built-in method create_function of sqlite3.Connection object at 0x000001AE20E90C70>, 'regexp', 2, <function SQLiteDialect_pysqlite.on_connect.<locals>.regexp at 0x000001AE20E88860>, deterministic=True) completed
2026-05-07 09:17:08,517 - aiosqlite - DEBUG - executing functools.partial(<built-in method create_function of sqlite3.Connection object at 0x000001AE20E90C70>, 'floor', 1, <built-in function floor>, deterministic=True)
2026-05-07 09:17:08,517 - aiosqlite - DEBUG - operation functools.partial(<built-in method create_function of sqlite3.Connection object at 0x000001AE20E90C70>, 'floor', 1, <built-in function floor>, deterministic=True) completed
2026-05-07 09:17:08,517 - aiosqlite - DEBUG - executing functools.partial(<built-in method cursor of sqlite3.Connection object at 0x000001AE20E90C70>)
2026-05-07 09:17:08,518 - aiosqlite - DEBUG - operation functools.partial(<built-in method cursor of sqlite3.Connection object at 0x000001AE20E90C70>) completed
2026-05-07 09:17:08,518 - aiosqlite - DEBUG - executing functools.partial(<built-in method execute of sqlite3.Cursor object at 0x000001AE20E63EC0>, 'PRAGMA read_uncommitted', [])
2026-05-07 09:17:08,519 - aiosqlite - DEBUG - operation functools.partial(<built-in method execute of sqlite3.Cursor object at 0x000001AE20E63EC0>, 'PRAGMA read_uncommitted', []) completed
2026-05-07 09:17:08,519 - aiosqlite - DEBUG - executing functools.partial(<built-in method fetchall of sqlite3.Cursor object at 0x000001AE20E63EC0>)
2026-05-07 09:17:08,520 - aiosqlite - DEBUG - operation functools.partial(<built-in method fetchall of sqlite3.Cursor object at 0x000001AE20E63EC0>) completed
2026-05-07 09:17:08,520 - aiosqlite - DEBUG - executing functools.partial(<built-in method close of sqlite3.Cursor object at 0x000001AE20E63EC0>)
2026-05-07 09:17:08,521 - aiosqlite - DEBUG - operation functools.partial(<built-in method close of sqlite3.Cursor object at 0x000001AE20E63EC0>) completed
2026-05-07 09:17:08,522 - aiosqlite - DEBUG - executing functools.partial(<built-in method rollback of sqlite3.Connection object at 0x000001AE20E90C70>)
2026-05-07 09:17:08,522 - aiosqlite - DEBUG - operation functools.partial(<built-in method rollback of sqlite3.Connection object at 0x000001AE20E90C70>) completed
2026-05-07 09:17:08,524 - aiosqlite - DEBUG - executing functools.partial(<built-in method cursor of sqlite3.Connection object at 0x000001AE20E90C70>)
2026-05-07 09:17:08,524 - aiosqlite - DEBUG - operation functools.partial(<built-in method cursor of sqlite3.Connection object at 0x000001AE20E90C70>) completed
2026-05-07 09:17:08,525 - aiosqlite - DEBUG - executing functools.partial(<built-in method execute of sqlite3.Cursor object at 0x000001AE20E63EC0>, 'PRAGMA main.table_info("users")', ())
2026-05-07 09:17:08,526 - aiosqlite - DEBUG - operation functools.partial(<built-in method execute of sqlite3.Cursor object at 0x000001AE20E63EC0>, 'PRAGMA main.table_info("users")', ()) completed
2026-05-07 09:17:08,526 - aiosqlite - DEBUG - executing functools.partial(<built-in method fetchall of sqlite3.Cursor object at 0x000001AE20E63EC0>)
2026-05-07 09:17:08,527 - aiosqlite - DEBUG - operation functools.partial(<built-in method fetchall of sqlite3.Cursor object at 0x000001AE20E63EC0>) completed
2026-05-07 09:17:08,527 - aiosqlite - DEBUG - executing functools.partial(<built-in method close of sqlite3.Cursor object at 0x000001AE20E63EC0>)
2026-05-07 09:17:08,527 - aiosqlite - DEBUG - operation functools.partial(<built-in method close of sqlite3.Cursor object at 0x000001AE20E63EC0>) completed
2026-05-07 09:17:08,528 - aiosqlite - DEBUG - executing functools.partial(<built-in method cursor of sqlite3.Connection object at 0x000001AE20E90C70>)
2026-05-07 09:17:08,528 - aiosqlite - DEBUG - operation functools.partial(<built-in method cursor of sqlite3.Connection object at 0x000001AE20E90C70>) completed
2026-05-07 09:17:08,528 - aiosqlite - DEBUG - executing functools.partial(<built-in method execute of sqlite3.Cursor object at 0x000001AE20E63EC0>, 'PRAGMA main.table_info("oidc_states")', ())
2026-05-07 09:17:08,529 - aiosqlite - DEBUG - operation functools.partial(<built-in method execute of sqlite3.Cursor object at 0x000001AE20E63EC0>, 'PRAGMA main.table_info("oidc_states")', ()) completed
2026-05-07 09:17:08,530 - aiosqlite - DEBUG - executing functools.partial(<built-in method fetchall of sqlite3.Cursor object at 0x000001AE20E63EC0>)
2026-05-07 09:17:08,531 - aiosqlite - DEBUG - operation functools.partial(<built-in method fetchall of sqlite3.Cursor object at 0x000001AE20E63EC0>) completed
2026-05-07 09:17:08,531 - aiosqlite - DEBUG - executing functools.partial(<built-in method close of sqlite3.Cursor object at 0x000001AE20E63EC0>)
2026-05-07 09:17:08,532 - aiosqlite - DEBUG - operation functools.partial(<built-in method close of sqlite3.Cursor object at 0x000001AE20E63EC0>) completed
2026-05-07 09:17:08,532 - aiosqlite - DEBUG - executing functools.partial(<built-in method cursor of sqlite3.Connection object at 0x000001AE20E90C70>)
2026-05-07 09:17:08,533 - aiosqlite - DEBUG - operation functools.partial(<built-in method cursor of sqlite3.Connection object at 0x000001AE20E90C70>) completed
2026-05-07 09:17:08,534 - aiosqlite - DEBUG - executing functools.partial(<built-in method execute of sqlite3.Cursor object at 0x000001AE20E63EC0>, 'PRAGMA main.table_info("datasets")', ())
2026-05-07 09:17:08,534 - aiosqlite - DEBUG - operation functools.partial(<built-in method execute of sqlite3.Cursor object at 0x000001AE20E63EC0>, 'PRAGMA main.table_info("datasets")', ()) completed
2026-05-07 09:17:08,534 - aiosqlite - DEBUG - executing functools.partial(<built-in method fetchall of sqlite3.Cursor object at 0x000001AE20E63EC0>)
2026-05-07 09:17:08,535 - aiosqlite - DEBUG - operation functools.partial(<built-in method fetchall of sqlite3.Cursor object at 0x000001AE20E63EC0>) completed
2026-05-07 09:17:08,535 - aiosqlite - DEBUG - executing functools.partial(<built-in method close of sqlite3.Cursor object at 0x000001AE20E63EC0>)
2026-05-07 09:17:08,535 - aiosqlite - DEBUG - operation functools.partial(<built-in method close of sqlite3.Cursor object at 0x000001AE20E63EC0>) completed
2026-05-07 09:17:08,536 - aiosqlite - DEBUG - executing functools.partial(<built-in method cursor of sqlite3.Connection object at 0x000001AE20E90C70>)
2026-05-07 09:17:08,536 - aiosqlite - DEBUG - operation functools.partial(<built-in method cursor of sqlite3.Connection object at 0x000001AE20E90C70>) completed
2026-05-07 09:17:08,537 - aiosqlite - DEBUG - executing functools.partial(<built-in method execute of sqlite3.Cursor object at 0x000001AE20E63EC0>, 'PRAGMA main.table_info("user_roles")', ())
2026-05-07 09:17:08,537 - aiosqlite - DEBUG - operation functools.partial(<built-in method execute of sqlite3.Cursor object at 0x000001AE20E63EC0>, 'PRAGMA main.table_info("user_roles")', ()) completed
2026-05-07 09:17:08,537 - aiosqlite - DEBUG - executing functools.partial(<built-in method fetchall of sqlite3.Cursor object at 0x000001AE20E63EC0>)
2026-05-07 09:17:08,538 - aiosqlite - DEBUG - operation functools.partial(<built-in method fetchall of sqlite3.Cursor object at 0x000001AE20E63EC0>) completed
2026-05-07 09:17:08,538 - aiosqlite - DEBUG - executing functools.partial(<built-in method close of sqlite3.Cursor object at 0x000001AE20E63EC0>)
2026-05-07 09:17:08,539 - aiosqlite - DEBUG - operation functools.partial(<built-in method close of sqlite3.Cursor object at 0x000001AE20E63EC0>) completed
2026-05-07 09:17:08,539 - core.database - INFO - Tables initialized successfully
2026-05-07 09:17:08,539 - core.database - DEBUG - [DB_OP] Create tables completed in 0.0276s
2026-05-07 09:17:08,540 - aiosqlite - DEBUG - executing functools.partial(<built-in method commit of sqlite3.Connection object at 0x000001AE20E90C70>)
2026-05-07 09:17:08,540 - aiosqlite - DEBUG - operation functools.partial(<built-in method commit of sqlite3.Connection object at 0x000001AE20E90C70>) completed
2026-05-07 09:17:08,540 - aiosqlite - DEBUG - executing functools.partial(<built-in method rollback of sqlite3.Connection object at 0x000001AE20E90C70>)
2026-05-07 09:17:08,541 - aiosqlite - DEBUG - operation functools.partial(<built-in method rollback of sqlite3.Connection object at 0x000001AE20E90C70>) completed
2026-05-07 09:17:08,541 - services.database - INFO - 🔧 Table creation completed
2026-05-07 09:17:08,541 - services.database - INFO - Database initialized successfully
2026-05-07 09:17:08,541 - services.database - DEBUG - [DB_OP] Database initialization completed in 0.0733s
2026-05-07 09:17:08,542 - services.mock_data - INFO - mock_data directory not found, skipping mock initialization
2026-05-07 09:17:08,542 - services.database - DEBUG - [DB_OP] Starting database initialization
2026-05-07 09:17:08,542 - services.database - INFO - 🔧 Starting database initialization...
2026-05-07 09:17:08,542 - core.database - INFO - Starting database initialization...
2026-05-07 09:17:08,542 - core.database - INFO - Database already initialized
2026-05-07 09:17:08,542 - services.database - INFO - 🔧 Database connection initialized, now creating tables if tables not exist...
2026-05-07 09:17:08,543 - core.database - DEBUG - [DB_OP] Starting create_tables
2026-05-07 09:17:08,543 - core.database - INFO - Tables already initialized
2026-05-07 09:17:08,543 - services.database - INFO - 🔧 Table creation completed
2026-05-07 09:17:08,544 - services.database - INFO - Database initialized successfully
2026-05-07 09:17:08,544 - services.database - DEBUG - [DB_OP] Database initialization completed in 0.0021s
2026-05-07 09:17:08,544 - services.auth - WARNING - Admin user ID or email not configured, skipping admin initialization
2026-05-07 09:17:08,544 - __main__ - INFO - === Application startup completed successfully ===
2026-05-07 09:17:32,514 - dependencies.auth - DEBUG - Authentication required for request GET /api/v1/auth/me
2026-05-07 09:17:36,528 - core.database - DEBUG - [DB_OP] Starting get_db session creation
2026-05-07 09:17:36,528 - core.database - DEBUG - [DB_OP] Database session created successfully in 0.0005s
2026-05-07 09:17:36,533 - aiosqlite - DEBUG - executing functools.partial(<built-in method cursor of sqlite3.Connection object at 0x000001AE20E90C70>)
2026-05-07 09:17:36,533 - aiosqlite - DEBUG - operation functools.partial(<built-in method cursor of sqlite3.Connection object at 0x000001AE20E90C70>) completed
2026-05-07 09:17:36,533 - aiosqlite - DEBUG - executing functools.partial(<built-in method execute of sqlite3.Cursor object at 0x000001AE20ED3B40>, 'SELECT 1', [])
2026-05-07 09:17:36,534 - aiosqlite - DEBUG - operation functools.partial(<built-in method execute of sqlite3.Cursor object at 0x000001AE20ED3B40>, 'SELECT 1', []) completed
2026-05-07 09:17:36,534 - aiosqlite - DEBUG - executing functools.partial(<built-in method fetchall of sqlite3.Cursor object at 0x000001AE20ED3B40>)
2026-05-07 09:17:36,534 - aiosqlite - DEBUG - operation functools.partial(<built-in method fetchall of sqlite3.Cursor object at 0x000001AE20ED3B40>) completed
2026-05-07 09:17:36,535 - aiosqlite - DEBUG - executing functools.partial(<built-in method close of sqlite3.Cursor object at 0x000001AE20ED3B40>)
2026-05-07 09:17:36,535 - aiosqlite - DEBUG - operation functools.partial(<built-in method close of sqlite3.Cursor object at 0x000001AE20ED3B40>) completed
2026-05-07 09:17:36,536 - aiosqlite - DEBUG - executing functools.partial(<built-in method cursor of sqlite3.Connection object at 0x000001AE20E90C70>)
2026-05-07 09:17:36,537 - aiosqlite - DEBUG - operation functools.partial(<built-in method cursor of sqlite3.Connection object at 0x000001AE20E90C70>) completed
2026-05-07 09:17:36,537 - aiosqlite - DEBUG - executing functools.partial(<built-in method execute of sqlite3.Cursor object at 0x000001AE20ED3B40>, 'DELETE FROM oidc_states WHERE oidc_states.expires_at < ?', ('2026-05-07 14:17:36.529463',))
2026-05-07 09:17:36,537 - aiosqlite - DEBUG - operation functools.partial(<built-in method execute of sqlite3.Cursor object at 0x000001AE20ED3B40>, 'DELETE FROM oidc_states WHERE oidc_states.expires_at < ?', ('2026-05-07 14:17:36.529463',)) completed
2026-05-07 09:17:36,538 - aiosqlite - DEBUG - executing functools.partial(<built-in method close of sqlite3.Cursor object at 0x000001AE20ED3B40>)
2026-05-07 09:17:36,540 - aiosqlite - DEBUG - operation functools.partial(<built-in method close of sqlite3.Cursor object at 0x000001AE20ED3B40>) completed
2026-05-07 09:17:36,540 - aiosqlite - DEBUG - executing functools.partial(<built-in method cursor of sqlite3.Connection object at 0x000001AE20E90C70>)
2026-05-07 09:17:36,540 - aiosqlite - DEBUG - operation functools.partial(<built-in method cursor of sqlite3.Connection object at 0x000001AE20E90C70>) completed
2026-05-07 09:17:36,541 - aiosqlite - DEBUG - executing functools.partial(<built-in method execute of sqlite3.Cursor object at 0x000001AE20ED3B40>, 'INSERT INTO oidc_states (state, nonce, code_verifier, expires_at) VALUES (?, ?, ?, ?) RETURNING id, created_at', ('wavO_kgFd_hafBiZiNjTdcYO7zZZ_u6aGmaQ9_zdlR4', 'iuBRScMyZ_9GOEiplNfhBGzS-M3ZPUpqm8lIZHElmVw', 'adW3xyxfAbEVDmia6g0DBxCZhKZYEW-GguCUfUUIq4DJY3HEWJX1l6t6vL1g8sbzP0V0JSjY9A7vt1DUg_aWs4ZbH8cnH2AKlSmTH8g6T6zxoS-3-OqG-W1UDRSdSzpc', '2026-05-07 14:27:36.538600'))
2026-05-07 09:17:36,543 - aiosqlite - DEBUG - operation functools.partial(<built-in method execute of sqlite3.Cursor object at 0x000001AE20ED3B40>, 'INSERT INTO oidc_states (state, nonce, code_verifier, expires_at) VALUES (?, ?, ?, ?) RETURNING id, created_at', ('wavO_kgFd_hafBiZiNjTdcYO7zZZ_u6aGmaQ9_zdlR4', 'iuBRScMyZ_9GOEiplNfhBGzS-M3ZPUpqm8lIZHElmVw', 'adW3xyxfAbEVDmia6g0DBxCZhKZYEW-GguCUfUUIq4DJY3HEWJX1l6t6vL1g8sbzP0V0JSjY9A7vt1DUg_aWs4ZbH8cnH2AKlSmTH8g6T6zxoS-3-OqG-W1UDRSdSzpc', '2026-05-07 14:27:36.538600')) completed
2026-05-07 09:17:36,544 - aiosqlite - DEBUG - executing functools.partial(<built-in method fetchall of sqlite3.Cursor object at 0x000001AE20ED3B40>)
2026-05-07 09:17:36,544 - aiosqlite - DEBUG - operation functools.partial(<built-in method fetchall of sqlite3.Cursor object at 0x000001AE20ED3B40>) completed
2026-05-07 09:17:36,544 - aiosqlite - DEBUG - executing functools.partial(<built-in method close of sqlite3.Cursor object at 0x000001AE20ED3B40>)
2026-05-07 09:17:36,545 - aiosqlite - DEBUG - operation functools.partial(<built-in method close of sqlite3.Cursor object at 0x000001AE20ED3B40>) completed
2026-05-07 09:17:36,545 - aiosqlite - DEBUG - executing functools.partial(<built-in method commit of sqlite3.Connection object at 0x000001AE20E90C70>)
2026-05-07 09:17:36,556 - aiosqlite - DEBUG - operation functools.partial(<built-in method commit of sqlite3.Connection object at 0x000001AE20E90C70>) completed
2026-05-07 09:17:36,556 - aiosqlite - DEBUG - executing functools.partial(<built-in method rollback of sqlite3.Connection object at 0x000001AE20E90C70>)
2026-05-07 09:17:36,557 - aiosqlite - DEBUG - operation functools.partial(<built-in method rollback of sqlite3.Connection object at 0x000001AE20E90C70>) completed
2026-05-07 09:17:36,557 - routers.auth - DEBUG - [get_dynamic_backend_url] mgx-external-domain=None, x-forwarded-host=None, host=localhost:8000, scheme=https, dynamic_url=https://localhost:8000
2026-05-07 09:17:36,557 - routers.auth - INFO - [login] Starting OIDC flow with redirect_uri=https://localhost:8000/api/v1/auth/callback
2026-05-07 09:17:36,558 - core.database - ERROR - Database session error: 'Settings' object has no attribute 'oidc_client_id'
Traceback (most recent call last):
  File "C:\Users\Usuario\app-Duty\app\backend\core\database.py", line 553, in get_db
    yield session
  File "C:\Users\Usuario\app-Duty\app\backend\venv\Lib\site-packages\fastapi\routing.py", line 120, in app
    response = await f(request)
               ^^^^^^^^^^^^^^^^
  File "C:\Users\Usuario\app-Duty\app\backend\venv\Lib\site-packages\fastapi\routing.py", line 674, in app
    raw_response = await run_endpoint_function(
                   ^^^^^^^^^^^^^^^^^^^^^^^^^^^^
    ...<3 lines>...
    )
    ^
  File "C:\Users\Usuario\app-Duty\app\backend\venv\Lib\site-packages\fastapi\routing.py", line 328, in run_endpoint_function
    return await dependant.call(**values)
           ^^^^^^^^^^^^^^^^^^^^^^^^^^^^^^
  File "C:\Users\Usuario\app-Duty\app\backend\routers\auth.py", line 93, in login
    auth_url = build_authorization_url(state, nonce, code_challenge, redirect_uri=redirect_uri)
  File "C:\Users\Usuario\app-Duty\app\backend\core\auth.py", line 240, in build_authorization_url
    "client_id": settings.oidc_client_id,
                 ^^^^^^^^^^^^^^^^^^^^^^^
  File "C:\Users\Usuario\app-Duty\app\backend\core\config.py", line 68, in __getattr__
    raise AttributeError(f"'{self.__class__.__name__}' object has no attribute '{name}'")
AttributeError: 'Settings' object has no attribute 'oidc_client_id'
2026-05-07 09:17:36,562 - core.database - DEBUG - [DB_OP] Database session cleanup after 0.0346s
2026-05-07 09:17:36,563 - core.database - ERROR - Failed to create database session: 'Settings' object has no attribute 'oidc_client_id'
Traceback (most recent call last):
  File "C:\Users\Usuario\app-Duty\app\backend\core\database.py", line 553, in get_db
    yield session
  File "C:\Users\Usuario\app-Duty\app\backend\venv\Lib\site-packages\fastapi\routing.py", line 120, in app
    response = await f(request)
               ^^^^^^^^^^^^^^^^
  File "C:\Users\Usuario\app-Duty\app\backend\venv\Lib\site-packages\fastapi\routing.py", line 674, in app
    raw_response = await run_endpoint_function(
                   ^^^^^^^^^^^^^^^^^^^^^^^^^^^^
    ...<3 lines>...
    )
    ^
  File "C:\Users\Usuario\app-Duty\app\backend\venv\Lib\site-packages\fastapi\routing.py", line 328, in run_endpoint_function
    return await dependant.call(**values)
           ^^^^^^^^^^^^^^^^^^^^^^^^^^^^^^
  File "C:\Users\Usuario\app-Duty\app\backend\routers\auth.py", line 93, in login
    auth_url = build_authorization_url(state, nonce, code_challenge, redirect_uri=redirect_uri)
  File "C:\Users\Usuario\app-Duty\app\backend\core\auth.py", line 240, in build_authorization_url
    "client_id": settings.oidc_client_id,
                 ^^^^^^^^^^^^^^^^^^^^^^^
  File "C:\Users\Usuario\app-Duty\app\backend\core\config.py", line 68, in __getattr__
    raise AttributeError(f"'{self.__class__.__name__}' object has no attribute '{name}'")
AttributeError: 'Settings' object has no attribute 'oidc_client_id'
2026-05-07 09:17:36,568 - __main__ - ERROR - Exception: AttributeError: 'Settings' object has no attribute 'oidc_client_id'
Traceback (most recent call last):
  File "C:\Users\Usuario\app-Duty\app\backend\venv\Lib\site-packages\starlette\middleware\errors.py", line 164, in __call__
    await self.app(scope, receive, _send)
  File "C:\Users\Usuario\app-Duty\app\backend\venv\Lib\site-packages\starlette\middleware\cors.py", line 88, in __call__
    await self.app(scope, receive, send)
  File "C:\Users\Usuario\app-Duty\app\backend\venv\Lib\site-packages\starlette\middleware\exceptions.py", line 63, in __call__
    await wrap_app_handling_exceptions(self.app, conn)(scope, receive, send)
  File "C:\Users\Usuario\app-Duty\app\backend\venv\Lib\site-packages\starlette\_exception_handler.py", line 53, in wrapped_app
    raise exc
  File "C:\Users\Usuario\app-Duty\app\backend\venv\Lib\site-packages\starlette\_exception_handler.py", line 42, in wrapped_app
    await app(scope, receive, sender)
  File "C:\Users\Usuario\app-Duty\app\backend\venv\Lib\site-packages\fastapi\middleware\asyncexitstack.py", line 18, in __call__
    await self.app(scope, receive, send)
  File "C:\Users\Usuario\app-Duty\app\backend\venv\Lib\site-packages\starlette\routing.py", line 660, in __call__
    await self.middleware_stack(scope, receive, send)
  File "C:\Users\Usuario\app-Duty\app\backend\venv\Lib\site-packages\starlette\routing.py", line 680, in app
    await route.handle(scope, receive, send)
  File "C:\Users\Usuario\app-Duty\app\backend\venv\Lib\site-packages\starlette\routing.py", line 276, in handle
    await self.app(scope, receive, send)
  File "C:\Users\Usuario\app-Duty\app\backend\venv\Lib\site-packages\fastapi\routing.py", line 134, in app
    await wrap_app_handling_exceptions(app, request)(scope, receive, send)
  File "C:\Users\Usuario\app-Duty\app\backend\venv\Lib\site-packages\starlette\_exception_handler.py", line 53, in wrapped_app
    raise exc
  File "C:\Users\Usuario\app-Duty\app\backend\venv\Lib\site-packages\starlette\_exception_handler.py", line 42, in wrapped_app
    await app(scope, receive, sender)
  File "C:\Users\Usuario\app-Duty\app\backend\venv\Lib\site-packages\fastapi\routing.py", line 120, in app
    response = await f(request)
               ^^^^^^^^^^^^^^^^
  File "C:\Users\Usuario\app-Duty\app\backend\venv\Lib\site-packages\fastapi\routing.py", line 674, in app
    raw_response = await run_endpoint_function(
                   ^^^^^^^^^^^^^^^^^^^^^^^^^^^^
    ...<3 lines>...
    )
    ^
  File "C:\Users\Usuario\app-Duty\app\backend\venv\Lib\site-packages\fastapi\routing.py", line 328, in run_endpoint_function
    return await dependant.call(**values)
           ^^^^^^^^^^^^^^^^^^^^^^^^^^^^^^
  File "C:\Users\Usuario\app-Duty\app\backend\routers\auth.py", line 93, in login
    auth_url = build_authorization_url(state, nonce, code_challenge, redirect_uri=redirect_uri)
  File "C:\Users\Usuario\app-Duty\app\backend\core\auth.py", line 240, in build_authorization_url
    "client_id": settings.oidc_client_id,
                 ^^^^^^^^^^^^^^^^^^^^^^^
  File "C:\Users\Usuario\app-Duty\app\backend\core\config.py", line 68, in __getattr__
    raise AttributeError(f"'{self.__class__.__name__}' object has no attribute '{name}'")
AttributeError: 'Settings' object has no attribute 'oidc_client_id'

2026-05-07 09:24:40,220 - dependencies.auth - DEBUG - Authentication required for request GET /api/v1/auth/me
2026-05-07 09:25:03,301 - core.database - DEBUG - [DB_OP] Starting get_db session creation
2026-05-07 09:25:03,308 - core.database - DEBUG - [DB_OP] Database session created successfully in 0.0071s
2026-05-07 09:25:03,336 - aiosqlite - DEBUG - executing functools.partial(<built-in method cursor of sqlite3.Connection object at 0x000001AE20E90C70>)
2026-05-07 09:25:03,338 - aiosqlite - DEBUG - operation functools.partial(<built-in method cursor of sqlite3.Connection object at 0x000001AE20E90C70>) completed
2026-05-07 09:25:03,338 - aiosqlite - DEBUG - executing functools.partial(<built-in method execute of sqlite3.Cursor object at 0x000001AE20FEEC40>, 'SELECT 1', [])
2026-05-07 09:25:03,340 - aiosqlite - DEBUG - operation functools.partial(<built-in method execute of sqlite3.Cursor object at 0x000001AE20FEEC40>, 'SELECT 1', []) completed
2026-05-07 09:25:03,340 - aiosqlite - DEBUG - executing functools.partial(<built-in method fetchall of sqlite3.Cursor object at 0x000001AE20FEEC40>)
2026-05-07 09:25:03,341 - aiosqlite - DEBUG - operation functools.partial(<built-in method fetchall of sqlite3.Cursor object at 0x000001AE20FEEC40>) completed
2026-05-07 09:25:03,341 - aiosqlite - DEBUG - executing functools.partial(<built-in method close of sqlite3.Cursor object at 0x000001AE20FEEC40>)
2026-05-07 09:25:03,342 - aiosqlite - DEBUG - operation functools.partial(<built-in method close of sqlite3.Cursor object at 0x000001AE20FEEC40>) completed
2026-05-07 09:25:03,346 - aiosqlite - DEBUG - executing functools.partial(<built-in method cursor of sqlite3.Connection object at 0x000001AE20E90C70>)
2026-05-07 09:25:03,346 - aiosqlite - DEBUG - operation functools.partial(<built-in method cursor of sqlite3.Connection object at 0x000001AE20E90C70>) completed
2026-05-07 09:25:03,346 - aiosqlite - DEBUG - executing functools.partial(<built-in method execute of sqlite3.Cursor object at 0x000001AE20FEEC40>, 'DELETE FROM oidc_states WHERE oidc_states.expires_at < ?', ('2026-05-07 14:25:03.325108',))
2026-05-07 09:25:03,350 - aiosqlite - DEBUG - operation functools.partial(<built-in method execute of sqlite3.Cursor object at 0x000001AE20FEEC40>, 'DELETE FROM oidc_states WHERE oidc_states.expires_at < ?', ('2026-05-07 14:25:03.325108',)) completed
2026-05-07 09:25:03,350 - aiosqlite - DEBUG - executing functools.partial(<built-in method close of sqlite3.Cursor object at 0x000001AE20FEEC40>)
2026-05-07 09:25:03,351 - aiosqlite - DEBUG - operation functools.partial(<built-in method close of sqlite3.Cursor object at 0x000001AE20FEEC40>) completed
2026-05-07 09:25:03,354 - aiosqlite - DEBUG - executing functools.partial(<built-in method cursor of sqlite3.Connection object at 0x000001AE20E90C70>)
2026-05-07 09:25:03,355 - aiosqlite - DEBUG - operation functools.partial(<built-in method cursor of sqlite3.Connection object at 0x000001AE20E90C70>) completed
2026-05-07 09:25:03,356 - aiosqlite - DEBUG - executing functools.partial(<built-in method execute of sqlite3.Cursor object at 0x000001AE20FEEC40>, 'INSERT INTO oidc_states (state, nonce, code_verifier, expires_at) VALUES (?, ?, ?, ?) RETURNING id, created_at', ('eP2IRp9ap0jFC-467Ihjk6Am8hXEIuLpHLkeLDRcm7w', 'Dpph_jfupWesMeg4kF_sTwWMd4qXK5qkar8P2qevtYY', 'U79Kw335glVD_md8ofwZFyQDUhqThsYbztQdHWH8UNc5CIhTGcbeJoYQ57AZN06-H6QehN_looDG3Pzwb4RmC2Gb-fntx7Cj-xjK58nv2E-pNLmJPk6WW0J_uzrudX28', '2026-05-07 14:35:03.351940'))
2026-05-07 09:25:03,358 - aiosqlite - DEBUG - operation functools.partial(<built-in method execute of sqlite3.Cursor object at 0x000001AE20FEEC40>, 'INSERT INTO oidc_states (state, nonce, code_verifier, expires_at) VALUES (?, ?, ?, ?) RETURNING id, created_at', ('eP2IRp9ap0jFC-467Ihjk6Am8hXEIuLpHLkeLDRcm7w', 'Dpph_jfupWesMeg4kF_sTwWMd4qXK5qkar8P2qevtYY', 'U79Kw335glVD_md8ofwZFyQDUhqThsYbztQdHWH8UNc5CIhTGcbeJoYQ57AZN06-H6QehN_looDG3Pzwb4RmC2Gb-fntx7Cj-xjK58nv2E-pNLmJPk6WW0J_uzrudX28', '2026-05-07 14:35:03.351940')) completed
2026-05-07 09:25:03,358 - aiosqlite - DEBUG - executing functools.partial(<built-in method fetchall of sqlite3.Cursor object at 0x000001AE20FEEC40>)
2026-05-07 09:25:03,359 - aiosqlite - DEBUG - operation functools.partial(<built-in method fetchall of sqlite3.Cursor object at 0x000001AE20FEEC40>) completed
2026-05-07 09:25:03,359 - aiosqlite - DEBUG - executing functools.partial(<built-in method close of sqlite3.Cursor object at 0x000001AE20FEEC40>)
2026-05-07 09:25:03,359 - aiosqlite - DEBUG - operation functools.partial(<built-in method close of sqlite3.Cursor object at 0x000001AE20FEEC40>) completed
2026-05-07 09:25:03,366 - aiosqlite - DEBUG - executing functools.partial(<built-in method commit of sqlite3.Connection object at 0x000001AE20E90C70>)
2026-05-07 09:25:03,379 - aiosqlite - DEBUG - operation functools.partial(<built-in method commit of sqlite3.Connection object at 0x000001AE20E90C70>) completed
2026-05-07 09:25:03,380 - aiosqlite - DEBUG - executing functools.partial(<built-in method rollback of sqlite3.Connection object at 0x000001AE20E90C70>)
2026-05-07 09:25:03,380 - aiosqlite - DEBUG - operation functools.partial(<built-in method rollback of sqlite3.Connection object at 0x000001AE20E90C70>) completed
2026-05-07 09:25:03,382 - routers.auth - DEBUG - [get_dynamic_backend_url] mgx-external-domain=None, x-forwarded-host=None, host=localhost:8000, scheme=https, dynamic_url=https://localhost:8000
2026-05-07 09:25:03,382 - routers.auth - INFO - [login] Starting OIDC flow with redirect_uri=https://localhost:8000/api/v1/auth/callback
2026-05-07 09:25:03,383 - core.database - ERROR - Database session error: 'Settings' object has no attribute 'oidc_client_id'
Traceback (most recent call last):
  File "C:\Users\Usuario\app-Duty\app\backend\core\database.py", line 553, in get_db
    yield session
  File "C:\Users\Usuario\app-Duty\app\backend\venv\Lib\site-packages\fastapi\routing.py", line 120, in app
    response = await f(request)
               ^^^^^^^^^^^^^^^^
  File "C:\Users\Usuario\app-Duty\app\backend\venv\Lib\site-packages\fastapi\routing.py", line 674, in app
    raw_response = await run_endpoint_function(
                   ^^^^^^^^^^^^^^^^^^^^^^^^^^^^
    ...<3 lines>...
    )
    ^
  File "C:\Users\Usuario\app-Duty\app\backend\venv\Lib\site-packages\fastapi\routing.py", line 328, in run_endpoint_function
    return await dependant.call(**values)
           ^^^^^^^^^^^^^^^^^^^^^^^^^^^^^^
  File "C:\Users\Usuario\app-Duty\app\backend\routers\auth.py", line 93, in login
    auth_url = build_authorization_url(state, nonce, code_challenge, redirect_uri=redirect_uri)
  File "C:\Users\Usuario\app-Duty\app\backend\core\auth.py", line 240, in build_authorization_url
    "client_id": settings.oidc_client_id,
                 ^^^^^^^^^^^^^^^^^^^^^^^
  File "C:\Users\Usuario\app-Duty\app\backend\core\config.py", line 68, in __getattr__
    raise AttributeError(f"'{self.__class__.__name__}' object has no attribute '{name}'")
AttributeError: 'Settings' object has no attribute 'oidc_client_id'
2026-05-07 09:25:03,394 - core.database - DEBUG - [DB_OP] Database session cleanup after 0.0939s
2026-05-07 09:25:03,395 - core.database - ERROR - Failed to create database session: 'Settings' object has no attribute 'oidc_client_id'
Traceback (most recent call last):
  File "C:\Users\Usuario\app-Duty\app\backend\core\database.py", line 553, in get_db
    yield session
  File "C:\Users\Usuario\app-Duty\app\backend\venv\Lib\site-packages\fastapi\routing.py", line 120, in app
    response = await f(request)
               ^^^^^^^^^^^^^^^^
  File "C:\Users\Usuario\app-Duty\app\backend\venv\Lib\site-packages\fastapi\routing.py", line 674, in app
    raw_response = await run_endpoint_function(
                   ^^^^^^^^^^^^^^^^^^^^^^^^^^^^
    ...<3 lines>...
    )
    ^
  File "C:\Users\Usuario\app-Duty\app\backend\venv\Lib\site-packages\fastapi\routing.py", line 328, in run_endpoint_function
    return await dependant.call(**values)
           ^^^^^^^^^^^^^^^^^^^^^^^^^^^^^^
  File "C:\Users\Usuario\app-Duty\app\backend\routers\auth.py", line 93, in login
    auth_url = build_authorization_url(state, nonce, code_challenge, redirect_uri=redirect_uri)
  File "C:\Users\Usuario\app-Duty\app\backend\core\auth.py", line 240, in build_authorization_url
    "client_id": settings.oidc_client_id,
                 ^^^^^^^^^^^^^^^^^^^^^^^
  File "C:\Users\Usuario\app-Duty\app\backend\core\config.py", line 68, in __getattr__
    raise AttributeError(f"'{self.__class__.__name__}' object has no attribute '{name}'")
AttributeError: 'Settings' object has no attribute 'oidc_client_id'
2026-05-07 09:25:03,402 - __main__ - ERROR - Exception: AttributeError: 'Settings' object has no attribute 'oidc_client_id'
Traceback (most recent call last):
  File "C:\Users\Usuario\app-Duty\app\backend\venv\Lib\site-packages\starlette\middleware\errors.py", line 164, in __call__
    await self.app(scope, receive, _send)
  File "C:\Users\Usuario\app-Duty\app\backend\venv\Lib\site-packages\starlette\middleware\cors.py", line 88, in __call__
    await self.app(scope, receive, send)
  File "C:\Users\Usuario\app-Duty\app\backend\venv\Lib\site-packages\starlette\middleware\exceptions.py", line 63, in __call__
    await wrap_app_handling_exceptions(self.app, conn)(scope, receive, send)
  File "C:\Users\Usuario\app-Duty\app\backend\venv\Lib\site-packages\starlette\_exception_handler.py", line 53, in wrapped_app
    raise exc
  File "C:\Users\Usuario\app-Duty\app\backend\venv\Lib\site-packages\starlette\_exception_handler.py", line 42, in wrapped_app
    await app(scope, receive, sender)
  File "C:\Users\Usuario\app-Duty\app\backend\venv\Lib\site-packages\fastapi\middleware\asyncexitstack.py", line 18, in __call__
    await self.app(scope, receive, send)
  File "C:\Users\Usuario\app-Duty\app\backend\venv\Lib\site-packages\starlette\routing.py", line 660, in __call__
    await self.middleware_stack(scope, receive, send)
  File "C:\Users\Usuario\app-Duty\app\backend\venv\Lib\site-packages\starlette\routing.py", line 680, in app
    await route.handle(scope, receive, send)
  File "C:\Users\Usuario\app-Duty\app\backend\venv\Lib\site-packages\starlette\routing.py", line 276, in handle
    await self.app(scope, receive, send)
  File "C:\Users\Usuario\app-Duty\app\backend\venv\Lib\site-packages\fastapi\routing.py", line 134, in app
    await wrap_app_handling_exceptions(app, request)(scope, receive, send)
  File "C:\Users\Usuario\app-Duty\app\backend\venv\Lib\site-packages\starlette\_exception_handler.py", line 53, in wrapped_app
    raise exc
  File "C:\Users\Usuario\app-Duty\app\backend\venv\Lib\site-packages\starlette\_exception_handler.py", line 42, in wrapped_app
    await app(scope, receive, sender)
  File "C:\Users\Usuario\app-Duty\app\backend\venv\Lib\site-packages\fastapi\routing.py", line 120, in app
    response = await f(request)
               ^^^^^^^^^^^^^^^^
  File "C:\Users\Usuario\app-Duty\app\backend\venv\Lib\site-packages\fastapi\routing.py", line 674, in app
    raw_response = await run_endpoint_function(
                   ^^^^^^^^^^^^^^^^^^^^^^^^^^^^
    ...<3 lines>...
    )
    ^
  File "C:\Users\Usuario\app-Duty\app\backend\venv\Lib\site-packages\fastapi\routing.py", line 328, in run_endpoint_function
    return await dependant.call(**values)
           ^^^^^^^^^^^^^^^^^^^^^^^^^^^^^^
  File "C:\Users\Usuario\app-Duty\app\backend\routers\auth.py", line 93, in login
    auth_url = build_authorization_url(state, nonce, code_challenge, redirect_uri=redirect_uri)
  File "C:\Users\Usuario\app-Duty\app\backend\core\auth.py", line 240, in build_authorization_url
    "client_id": settings.oidc_client_id,
                 ^^^^^^^^^^^^^^^^^^^^^^^
  File "C:\Users\Usuario\app-Duty\app\backend\core\config.py", line 68, in __getattr__
    raise AttributeError(f"'{self.__class__.__name__}' object has no attribute '{name}'")
AttributeError: 'Settings' object has no attribute 'oidc_client_id'

2026-05-07 09:32:11,686 - services.database - DEBUG - [DB_OP] Starting database close
2026-05-07 09:32:11,699 - aiosqlite - DEBUG - executing functools.partial(<built-in method close of sqlite3.Connection object at 0x000001AE20E90C70>)
2026-05-07 09:32:11,707 - aiosqlite - DEBUG - operation functools.partial(<built-in method close of sqlite3.Connection object at 0x000001AE20E90C70>) completed
2026-05-07 09:32:11,711 - aiosqlite - DEBUG - executing <function Connection.stop.<locals>.close_and_stop at 0x000001AE20EE4F40>
2026-05-07 09:32:11,712 - aiosqlite - DEBUG - operation <function Connection.stop.<locals>.close_and_stop at 0x000001AE20EE4F40> completed
2026-05-07 09:32:11,728 - core.database - INFO - Database connection closed and engine disposed
2026-05-07 09:32:11,733 - services.database - INFO - Database connections closed
2026-05-07 09:32:11,733 - services.database - DEBUG - [DB_OP] Database close completed in 0.0474s
