2026-05-08 11:22:19,991 - __main__ - INFO - === Logging system initialized ===
2026-05-08 11:22:19,991 - __main__ - INFO - Log file: logs/app_20260508_112219.log
2026-05-08 11:22:19,991 - __main__ - INFO - Log level: INFO
2026-05-08 11:22:19,991 - __main__ - INFO - Timestamp: 20260508_112219
2026-05-08 11:22:21,802 - __main__ - INFO - Included router: routers.aihub.router
2026-05-08 11:22:21,818 - __main__ - INFO - Included router: routers.auth.router
2026-05-08 11:22:21,859 - __main__ - INFO - Included router: routers.datasets.router
2026-05-08 11:22:21,860 - __main__ - INFO - Included router: routers.health.router
2026-05-08 11:22:21,878 - __main__ - INFO - Included router: routers.settings.router
2026-05-08 11:22:21,912 - __main__ - INFO - Included router: routers.storage.router
2026-05-08 11:22:21,918 - __main__ - INFO - Included router: routers.user.router
2026-05-08 11:22:21,955 - __main__ - INFO - Included router: routers.user_roles.router
WARNING:  Current configuration will not reload as not all conditions are met, please refer to documentation.
INFO:     Started server process [3387]
INFO:     Waiting for application startup.
2026-05-08 11:22:22,017 - __main__ - INFO - === Application startup initiated ===
2026-05-08 11:22:22,017 - services.database - DEBUG - [DB_OP] Starting database initialization
2026-05-08 11:22:22,017 - services.database - INFO - 🔧 Starting database initialization...
2026-05-08 11:22:22,017 - core.database - INFO - Starting database initialization...
2026-05-08 11:22:22,017 - core.database - INFO - Normalizing database URL for async compatibility...
2026-05-08 11:22:22,018 - core.database - DEBUG - Database exists:./test.db
2026-05-08 11:22:22,018 - core.database - INFO - Creating async database engine...
2026-05-08 11:22:22,018 - core.database - INFO - Using QueuePool with connection pooling for non-Lambda environment
2026-05-08 11:22:22,063 - core.database - INFO - Database engine created successfully
2026-05-08 11:22:22,063 - core.database - INFO - Creating async session maker...
2026-05-08 11:22:22,063 - core.database - INFO - Async session maker created successfully
2026-05-08 11:22:22,064 - core.database - INFO - Database connection initialized successfully
2026-05-08 11:22:22,064 - services.database - INFO - 🔧 Database connection initialized, now creating tables if tables not exist...
2026-05-08 11:22:22,064 - core.database - DEBUG - [DB_OP] Starting create_tables
2026-05-08 11:22:22,064 - core.database - INFO - 🔧 Starting table creation...
2026-05-08 11:22:22,064 - aiosqlite - DEBUG - executing <function connect.<locals>.connector at 0x7f5c315cd260>
2026-05-08 11:22:22,065 - aiosqlite - DEBUG - operation <function connect.<locals>.connector at 0x7f5c315cd260> completed
2026-05-08 11:22:22,065 - aiosqlite - DEBUG - executing functools.partial(<built-in method create_function of sqlite3.Connection object at 0x7f5c315c0130>, 'regexp', 2, <function SQLiteDialect_pysqlite.on_connect.<locals>.regexp at 0x7f5c326e1440>, deterministic=True)
2026-05-08 11:22:22,065 - aiosqlite - DEBUG - operation functools.partial(<built-in method create_function of sqlite3.Connection object at 0x7f5c315c0130>, 'regexp', 2, <function SQLiteDialect_pysqlite.on_connect.<locals>.regexp at 0x7f5c326e1440>, deterministic=True) completed
2026-05-08 11:22:22,065 - aiosqlite - DEBUG - executing functools.partial(<built-in method create_function of sqlite3.Connection object at 0x7f5c315c0130>, 'floor', 1, <built-in function floor>, deterministic=True)
2026-05-08 11:22:22,065 - aiosqlite - DEBUG - operation functools.partial(<built-in method create_function of sqlite3.Connection object at 0x7f5c315c0130>, 'floor', 1, <built-in function floor>, deterministic=True) completed
2026-05-08 11:22:22,065 - aiosqlite - DEBUG - executing functools.partial(<built-in method cursor of sqlite3.Connection object at 0x7f5c315c0130>)
2026-05-08 11:22:22,065 - aiosqlite - DEBUG - operation functools.partial(<built-in method cursor of sqlite3.Connection object at 0x7f5c315c0130>) completed
2026-05-08 11:22:22,065 - aiosqlite - DEBUG - executing functools.partial(<built-in method execute of sqlite3.Cursor object at 0x7f5c3267fd40>, 'PRAGMA read_uncommitted', [])
2026-05-08 11:22:22,066 - aiosqlite - DEBUG - operation functools.partial(<built-in method execute of sqlite3.Cursor object at 0x7f5c3267fd40>, 'PRAGMA read_uncommitted', []) completed
2026-05-08 11:22:22,066 - aiosqlite - DEBUG - executing functools.partial(<built-in method fetchall of sqlite3.Cursor object at 0x7f5c3267fd40>)
2026-05-08 11:22:22,066 - aiosqlite - DEBUG - operation functools.partial(<built-in method fetchall of sqlite3.Cursor object at 0x7f5c3267fd40>) completed
2026-05-08 11:22:22,066 - aiosqlite - DEBUG - executing functools.partial(<built-in method close of sqlite3.Cursor object at 0x7f5c3267fd40>)
2026-05-08 11:22:22,066 - aiosqlite - DEBUG - operation functools.partial(<built-in method close of sqlite3.Cursor object at 0x7f5c3267fd40>) completed
2026-05-08 11:22:22,066 - aiosqlite - DEBUG - executing functools.partial(<built-in method rollback of sqlite3.Connection object at 0x7f5c315c0130>)
2026-05-08 11:22:22,066 - aiosqlite - DEBUG - operation functools.partial(<built-in method rollback of sqlite3.Connection object at 0x7f5c315c0130>) completed
2026-05-08 11:22:22,067 - aiosqlite - DEBUG - executing functools.partial(<built-in method cursor of sqlite3.Connection object at 0x7f5c315c0130>)
2026-05-08 11:22:22,067 - aiosqlite - DEBUG - operation functools.partial(<built-in method cursor of sqlite3.Connection object at 0x7f5c315c0130>) completed
2026-05-08 11:22:22,067 - aiosqlite - DEBUG - executing functools.partial(<built-in method execute of sqlite3.Cursor object at 0x7f5c3267da40>, 'PRAGMA main.table_info("users")', ())
2026-05-08 11:22:22,067 - aiosqlite - DEBUG - operation functools.partial(<built-in method execute of sqlite3.Cursor object at 0x7f5c3267da40>, 'PRAGMA main.table_info("users")', ()) completed
2026-05-08 11:22:22,067 - aiosqlite - DEBUG - executing functools.partial(<built-in method fetchall of sqlite3.Cursor object at 0x7f5c3267da40>)
2026-05-08 11:22:22,067 - aiosqlite - DEBUG - operation functools.partial(<built-in method fetchall of sqlite3.Cursor object at 0x7f5c3267da40>) completed
2026-05-08 11:22:22,067 - aiosqlite - DEBUG - executing functools.partial(<built-in method close of sqlite3.Cursor object at 0x7f5c3267da40>)
2026-05-08 11:22:22,067 - aiosqlite - DEBUG - operation functools.partial(<built-in method close of sqlite3.Cursor object at 0x7f5c3267da40>) completed
2026-05-08 11:22:22,068 - aiosqlite - DEBUG - executing functools.partial(<built-in method cursor of sqlite3.Connection object at 0x7f5c315c0130>)
2026-05-08 11:22:22,068 - aiosqlite - DEBUG - operation functools.partial(<built-in method cursor of sqlite3.Connection object at 0x7f5c315c0130>) completed
2026-05-08 11:22:22,068 - aiosqlite - DEBUG - executing functools.partial(<built-in method execute of sqlite3.Cursor object at 0x7f5c3267da40>, 'PRAGMA main.table_info("oidc_states")', ())
2026-05-08 11:22:22,068 - aiosqlite - DEBUG - operation functools.partial(<built-in method execute of sqlite3.Cursor object at 0x7f5c3267da40>, 'PRAGMA main.table_info("oidc_states")', ()) completed
2026-05-08 11:22:22,068 - aiosqlite - DEBUG - executing functools.partial(<built-in method fetchall of sqlite3.Cursor object at 0x7f5c3267da40>)
2026-05-08 11:22:22,068 - aiosqlite - DEBUG - operation functools.partial(<built-in method fetchall of sqlite3.Cursor object at 0x7f5c3267da40>) completed
2026-05-08 11:22:22,068 - aiosqlite - DEBUG - executing functools.partial(<built-in method close of sqlite3.Cursor object at 0x7f5c3267da40>)
2026-05-08 11:22:22,068 - aiosqlite - DEBUG - operation functools.partial(<built-in method close of sqlite3.Cursor object at 0x7f5c3267da40>) completed
2026-05-08 11:22:22,068 - aiosqlite - DEBUG - executing functools.partial(<built-in method cursor of sqlite3.Connection object at 0x7f5c315c0130>)
2026-05-08 11:22:22,068 - aiosqlite - DEBUG - operation functools.partial(<built-in method cursor of sqlite3.Connection object at 0x7f5c315c0130>) completed
2026-05-08 11:22:22,068 - aiosqlite - DEBUG - executing functools.partial(<built-in method execute of sqlite3.Cursor object at 0x7f5c3267da40>, 'PRAGMA main.table_info("datasets")', ())
2026-05-08 11:22:22,068 - aiosqlite - DEBUG - operation functools.partial(<built-in method execute of sqlite3.Cursor object at 0x7f5c3267da40>, 'PRAGMA main.table_info("datasets")', ()) completed
2026-05-08 11:22:22,069 - aiosqlite - DEBUG - executing functools.partial(<built-in method fetchall of sqlite3.Cursor object at 0x7f5c3267da40>)
2026-05-08 11:22:22,069 - aiosqlite - DEBUG - operation functools.partial(<built-in method fetchall of sqlite3.Cursor object at 0x7f5c3267da40>) completed
2026-05-08 11:22:22,069 - aiosqlite - DEBUG - executing functools.partial(<built-in method close of sqlite3.Cursor object at 0x7f5c3267da40>)
2026-05-08 11:22:22,069 - aiosqlite - DEBUG - operation functools.partial(<built-in method close of sqlite3.Cursor object at 0x7f5c3267da40>) completed
2026-05-08 11:22:22,069 - aiosqlite - DEBUG - executing functools.partial(<built-in method cursor of sqlite3.Connection object at 0x7f5c315c0130>)
2026-05-08 11:22:22,069 - aiosqlite - DEBUG - operation functools.partial(<built-in method cursor of sqlite3.Connection object at 0x7f5c315c0130>) completed
2026-05-08 11:22:22,069 - aiosqlite - DEBUG - executing functools.partial(<built-in method execute of sqlite3.Cursor object at 0x7f5c3267da40>, 'PRAGMA main.table_info("user_roles")', ())
2026-05-08 11:22:22,069 - aiosqlite - DEBUG - operation functools.partial(<built-in method execute of sqlite3.Cursor object at 0x7f5c3267da40>, 'PRAGMA main.table_info("user_roles")', ()) completed
2026-05-08 11:22:22,069 - aiosqlite - DEBUG - executing functools.partial(<built-in method fetchall of sqlite3.Cursor object at 0x7f5c3267da40>)
2026-05-08 11:22:22,069 - aiosqlite - DEBUG - operation functools.partial(<built-in method fetchall of sqlite3.Cursor object at 0x7f5c3267da40>) completed
2026-05-08 11:22:22,069 - aiosqlite - DEBUG - executing functools.partial(<built-in method close of sqlite3.Cursor object at 0x7f5c3267da40>)
2026-05-08 11:22:22,069 - aiosqlite - DEBUG - operation functools.partial(<built-in method close of sqlite3.Cursor object at 0x7f5c3267da40>) completed
2026-05-08 11:22:22,069 - core.database - INFO - Tables initialized successfully
2026-05-08 11:22:22,070 - core.database - DEBUG - [DB_OP] Create tables completed in 0.0060s
2026-05-08 11:22:22,070 - aiosqlite - DEBUG - executing functools.partial(<built-in method commit of sqlite3.Connection object at 0x7f5c315c0130>)
2026-05-08 11:22:22,070 - aiosqlite - DEBUG - operation functools.partial(<built-in method commit of sqlite3.Connection object at 0x7f5c315c0130>) completed
2026-05-08 11:22:22,070 - aiosqlite - DEBUG - executing functools.partial(<built-in method rollback of sqlite3.Connection object at 0x7f5c315c0130>)
2026-05-08 11:22:22,070 - aiosqlite - DEBUG - operation functools.partial(<built-in method rollback of sqlite3.Connection object at 0x7f5c315c0130>) completed
2026-05-08 11:22:22,070 - services.database - INFO - 🔧 Table creation completed
2026-05-08 11:22:22,070 - services.database - INFO - Database initialized successfully
2026-05-08 11:22:22,070 - services.database - DEBUG - [DB_OP] Database initialization completed in 0.0534s
2026-05-08 11:22:22,070 - services.mock_data - INFO - mock_data directory not found, skipping mock initialization
2026-05-08 11:22:22,070 - services.database - DEBUG - [DB_OP] Starting database initialization
2026-05-08 11:22:22,070 - services.database - INFO - 🔧 Starting database initialization...
2026-05-08 11:22:22,070 - core.database - INFO - Starting database initialization...
2026-05-08 11:22:22,070 - core.database - INFO - Database already initialized
2026-05-08 11:22:22,070 - services.database - INFO - 🔧 Database connection initialized, now creating tables if tables not exist...
2026-05-08 11:22:22,071 - core.database - DEBUG - [DB_OP] Starting create_tables
2026-05-08 11:22:22,071 - core.database - INFO - Tables already initialized
2026-05-08 11:22:22,071 - services.database - INFO - 🔧 Table creation completed
2026-05-08 11:22:22,071 - services.database - INFO - Database initialized successfully
2026-05-08 11:22:22,071 - services.database - DEBUG - [DB_OP] Database initialization completed in 0.0003s
2026-05-08 11:22:22,071 - services.auth - WARNING - Admin user ID or email not configured, skipping admin initialization
2026-05-08 11:22:22,071 - __main__ - INFO - === Application startup completed successfully ===
INFO:     Application startup complete.
INFO:     Uvicorn running on http://0.0.0.0:8000 (Press CTRL+C to quit)
